<?xml version="1.0" encoding="UTF-8"?>
<!-- Generated by org.testng.reporters.JUnitReportReporter -->
<testsuite skipped="0" hostname="ATMECSINLT-085" name="com.atmecs.validate_ninja_store.testscripts.sample" tests="1" failures="0" timestamp="11 Oct 2019 11:51:35 GMT" time="1.088" errors="0">
  <testcase name="sampleTest" time="1.088" classname="com.atmecs.validate_ninja_store.testscripts.sample"/>
</testsuite> <!-- com.atmecs.validate_ninja_store.testscripts.sample -->
